<?xml version="1.0" encoding="UTF-8"?>
<!-- Generated by org.testng.reporters.JUnitXMLReporter -->
<testsuite ignored="0" hostname="INVIND760" failures="0" tests="9" name="BankingApp Test" time="147.859" errors="0" timestamp="17 Apr 2023 10:53:31 GMT">
  <testcase classname="com.inetbanking.testCases.TC00_11_New_Account_Invalid_Value" name="addAccount" time="12.42"/>
  <testcase classname="com.inetbanking.testCases.TC00_11_New_Account_Invalid_Value" name="addAccount" time="13.331"/>
  <testcase classname="com.inetbanking.testCases.TC00_11_New_Account_Invalid_Value" name="addAccount" time="13.187"/>
  <testcase classname="com.inetbanking.testCases.TC00_11_New_Account_Invalid_Value" name="addAccount" time="11.279"/>
  <testcase classname="com.inetbanking.testCases.TC00_11_New_Account_Invalid_Value" name="addAccount" time="11.275"/>
  <testcase classname="com.inetbanking.testCases.TC00_11_New_Account_Invalid_Value" name="addAccount" time="11.359"/>
  <testcase classname="com.inetbanking.testCases.TC00_11_New_Account_Invalid_Value" name="addAccount" time="11.739"/>
  <testcase classname="com.inetbanking.testCases.TC00_11_New_Account_Invalid_Value" name="addAccount" time="13.147"/>
  <testcase classname="com.inetbanking.testCases.TC00_11_New_Account_Invalid_Value" name="addAccount" time="13.339"/>
</testsuite> <!-- BankingApp Test -->
