<?xml version="1.0" encoding="UTF-8"?>
<testng-results ignored="0" total="9" passed="9" failed="0" skipped="0">
  <reporter-output>
  </reporter-output>
  <suite started-at="2023-04-17T10:51:03Z" name="InetBankingV1" finished-at="2023-04-17T10:53:31Z" duration-ms="147859">
    <groups>
    </groups>
    <test started-at="2023-04-17T10:51:03Z" name="BankingApp Test" finished-at="2023-04-17T10:53:31Z" duration-ms="147859">
      <class name="com.inetbanking.testCases.TC00_11_New_Account_Invalid_Value">
        <test-method is-config="true" signature="setup(java.lang.String)[pri:0, instance:com.inetbanking.testCases.TC00_11_New_Account_Invalid_Value@6ff29830]" started-at="2023-04-17T10:51:03Z" name="setup" finished-at="2023-04-17T10:51:36Z" duration-ms="33563" status="PASS">
          <params>
            <param index="0">
              <value>
                <![CDATA[chrome]]>
              </value>
            </param>
          </params>
          <reporter-output>
          </reporter-output>
        </test-method> <!-- setup -->
        <test-method signature="addAccount(java.lang.String, java.lang.String, java.lang.String, java.lang.String, java.lang.String)[pri:0, instance:com.inetbanking.testCases.TC00_11_New_Account_Invalid_Value@6ff29830]" started-at="2023-04-17T10:51:39Z" name="addAccount" data-provider="addAccountData" finished-at="2023-04-17T10:51:51Z" duration-ms="12420" status="PASS">
          <params>
            <param index="0">
              <value>
                <![CDATA[TC_0011_1]]>
              </value>
            </param>
            <param index="1">
              <value>
                <![CDATA[Wrong Customer Id]]>
              </value>
            </param>
            <param index="2">
              <value>
                <![CDATA[123456]]>
              </value>
            </param>
            <param index="3">
              <value>
                <![CDATA[500]]>
              </value>
            </param>
            <param index="4">
              <value>
                <![CDATA[Current]]>
              </value>
            </param>
          </params>
          <reporter-output>
          </reporter-output>
        </test-method> <!-- addAccount -->
        <test-method signature="addAccount(java.lang.String, java.lang.String, java.lang.String, java.lang.String, java.lang.String)[pri:0, instance:com.inetbanking.testCases.TC00_11_New_Account_Invalid_Value@6ff29830]" started-at="2023-04-17T10:51:51Z" name="addAccount" data-provider="addAccountData" finished-at="2023-04-17T10:52:05Z" duration-ms="13331" status="PASS">
          <params>
            <param index="0">
              <value>
                <![CDATA[TC_0011_2]]>
              </value>
            </param>
            <param index="1">
              <value>
                <![CDATA[Invalid Customer Id]]>
              </value>
            </param>
            <param index="2">
              <value>
                <![CDATA[ABCD]]>
              </value>
            </param>
            <param index="3">
              <value>
                <![CDATA[500]]>
              </value>
            </param>
            <param index="4">
              <value>
                <![CDATA[Current]]>
              </value>
            </param>
          </params>
          <reporter-output>
          </reporter-output>
        </test-method> <!-- addAccount -->
        <test-method signature="addAccount(java.lang.String, java.lang.String, java.lang.String, java.lang.String, java.lang.String)[pri:0, instance:com.inetbanking.testCases.TC00_11_New_Account_Invalid_Value@6ff29830]" started-at="2023-04-17T10:52:05Z" name="addAccount" data-provider="addAccountData" finished-at="2023-04-17T10:52:18Z" duration-ms="13187" status="PASS">
          <params>
            <param index="0">
              <value>
                <![CDATA[TC_0011_3]]>
              </value>
            </param>
            <param index="1">
              <value>
                <![CDATA[Invalid Customer Id]]>
              </value>
            </param>
            <param index="2">
              <value>
                <![CDATA[%%%%%]]>
              </value>
            </param>
            <param index="3">
              <value>
                <![CDATA[500]]>
              </value>
            </param>
            <param index="4">
              <value>
                <![CDATA[Current]]>
              </value>
            </param>
          </params>
          <reporter-output>
          </reporter-output>
        </test-method> <!-- addAccount -->
        <test-method signature="addAccount(java.lang.String, java.lang.String, java.lang.String, java.lang.String, java.lang.String)[pri:0, instance:com.inetbanking.testCases.TC00_11_New_Account_Invalid_Value@6ff29830]" started-at="2023-04-17T10:52:18Z" name="addAccount" data-provider="addAccountData" finished-at="2023-04-17T10:52:29Z" duration-ms="11279" status="PASS">
          <params>
            <param index="0">
              <value>
                <![CDATA[TC_0011_4]]>
              </value>
            </param>
            <param index="1">
              <value>
                <![CDATA[Invalid Payer Initial Amount]]>
              </value>
            </param>
            <param index="2">
              <value>
                <![CDATA[120589]]>
              </value>
            </param>
            <param index="3">
              <value>
                <![CDATA[499]]>
              </value>
            </param>
            <param index="4">
              <value>
                <![CDATA[Current]]>
              </value>
            </param>
          </params>
          <reporter-output>
          </reporter-output>
        </test-method> <!-- addAccount -->
        <test-method signature="addAccount(java.lang.String, java.lang.String, java.lang.String, java.lang.String, java.lang.String)[pri:0, instance:com.inetbanking.testCases.TC00_11_New_Account_Invalid_Value@6ff29830]" started-at="2023-04-17T10:52:29Z" name="addAccount" data-provider="addAccountData" finished-at="2023-04-17T10:52:41Z" duration-ms="11275" status="PASS">
          <params>
            <param index="0">
              <value>
                <![CDATA[TC_0011_5]]>
              </value>
            </param>
            <param index="1">
              <value>
                <![CDATA[Invalid Payer Initial Amount]]>
              </value>
            </param>
            <param index="2">
              <value>
                <![CDATA[120589]]>
              </value>
            </param>
            <param index="3">
              <value>
                <![CDATA[-1]]>
              </value>
            </param>
            <param index="4">
              <value>
                <![CDATA[Current]]>
              </value>
            </param>
          </params>
          <reporter-output>
          </reporter-output>
        </test-method> <!-- addAccount -->
        <test-method signature="addAccount(java.lang.String, java.lang.String, java.lang.String, java.lang.String, java.lang.String)[pri:0, instance:com.inetbanking.testCases.TC00_11_New_Account_Invalid_Value@6ff29830]" started-at="2023-04-17T10:52:41Z" name="addAccount" data-provider="addAccountData" finished-at="2023-04-17T10:52:52Z" duration-ms="11359" status="PASS">
          <params>
            <param index="0">
              <value>
                <![CDATA[TC_0011_6]]>
              </value>
            </param>
            <param index="1">
              <value>
                <![CDATA[Invalid Payer Initial Amount]]>
              </value>
            </param>
            <param index="2">
              <value>
                <![CDATA[120589]]>
              </value>
            </param>
            <param index="3">
              <value>
                <![CDATA[0]]>
              </value>
            </param>
            <param index="4">
              <value>
                <![CDATA[Current]]>
              </value>
            </param>
          </params>
          <reporter-output>
          </reporter-output>
        </test-method> <!-- addAccount -->
        <test-method signature="addAccount(java.lang.String, java.lang.String, java.lang.String, java.lang.String, java.lang.String)[pri:0, instance:com.inetbanking.testCases.TC00_11_New_Account_Invalid_Value@6ff29830]" started-at="2023-04-17T10:52:52Z" name="addAccount" data-provider="addAccountData" finished-at="2023-04-17T10:53:04Z" duration-ms="11739" status="PASS">
          <params>
            <param index="0">
              <value>
                <![CDATA[TC_0011_7]]>
              </value>
            </param>
            <param index="1">
              <value>
                <![CDATA[Invalid Payer Initial Amount]]>
              </value>
            </param>
            <param index="2">
              <value>
                <![CDATA[120589]]>
              </value>
            </param>
            <param index="3">
              <value>
                <![CDATA[1]]>
              </value>
            </param>
            <param index="4">
              <value>
                <![CDATA[Current]]>
              </value>
            </param>
          </params>
          <reporter-output>
          </reporter-output>
        </test-method> <!-- addAccount -->
        <test-method signature="addAccount(java.lang.String, java.lang.String, java.lang.String, java.lang.String, java.lang.String)[pri:0, instance:com.inetbanking.testCases.TC00_11_New_Account_Invalid_Value@6ff29830]" started-at="2023-04-17T10:53:04Z" name="addAccount" data-provider="addAccountData" finished-at="2023-04-17T10:53:17Z" duration-ms="13147" status="PASS">
          <params>
            <param index="0">
              <value>
                <![CDATA[TC_0011_8]]>
              </value>
            </param>
            <param index="1">
              <value>
                <![CDATA[Blank Customer Id]]>
              </value>
            </param>
            <param index="2">
              <value>
                <![CDATA[empty]]>
              </value>
            </param>
            <param index="3">
              <value>
                <![CDATA[500]]>
              </value>
            </param>
            <param index="4">
              <value>
                <![CDATA[Current]]>
              </value>
            </param>
          </params>
          <reporter-output>
          </reporter-output>
        </test-method> <!-- addAccount -->
        <test-method signature="addAccount(java.lang.String, java.lang.String, java.lang.String, java.lang.String, java.lang.String)[pri:0, instance:com.inetbanking.testCases.TC00_11_New_Account_Invalid_Value@6ff29830]" started-at="2023-04-17T10:53:17Z" name="addAccount" data-provider="addAccountData" finished-at="2023-04-17T10:53:30Z" duration-ms="13339" status="PASS">
          <params>
            <param index="0">
              <value>
                <![CDATA[TC_0011_9]]>
              </value>
            </param>
            <param index="1">
              <value>
                <![CDATA[Blank Initial Amount]]>
              </value>
            </param>
            <param index="2">
              <value>
                <![CDATA[120589]]>
              </value>
            </param>
            <param index="3">
              <value>
                <![CDATA[empty]]>
              </value>
            </param>
            <param index="4">
              <value>
                <![CDATA[Current]]>
              </value>
            </param>
          </params>
          <reporter-output>
          </reporter-output>
        </test-method> <!-- addAccount -->
        <test-method is-config="true" signature="tearDown()[pri:0, instance:com.inetbanking.testCases.TC00_11_New_Account_Invalid_Value@6ff29830]" started-at="2023-04-17T10:53:30Z" name="tearDown" finished-at="2023-04-17T10:53:31Z" duration-ms="402" status="PASS">
          <reporter-output>
          </reporter-output>
        </test-method> <!-- tearDown -->
      </class> <!-- com.inetbanking.testCases.TC00_11_New_Account_Invalid_Value -->
    </test> <!-- BankingApp Test -->
  </suite> <!-- InetBankingV1 -->
</testng-results>
